<?xml version="1.0" encoding="UTF-8"?>
<!-- Generated by org.testng.reporters.JUnitXMLReporter -->
<testsuite hostname="DESKTOP-GUPA5RI" failures="0" tests="5" name="Default test" time="107.776" errors="0" timestamp="21 Jul 2021 19:26:52 GMT">
  <testcase classname="tests.formFilling" name="formFillingExcel" time="0.389"/>
  <testcase classname="tests.formFilling" name="formFillingExcel" time="0.313"/>
  <testcase classname="tests.formFilling" name="formFillingExcel" time="0.329"/>
  <testcase classname="tests.formFilling" name="formFillingExcel" time="0.278"/>
  <testcase classname="tests.formFilling" name="rowCountPrint" time="0.003"/>
</testsuite> <!-- Default test -->
