<?xml version="1.0" encoding="UTF-8"?>
<!-- Generated by org.testng.reporters.JUnitXMLReporter -->
<testsuite hostname="DESKTOP-GUPA5RI" failures="0" tests="5" name="Testng" time="165.839" errors="0" timestamp="22 Jul 2021 01:52:32 GMT">
  <testcase classname="tests.formFilling" name="formFillingExcel" time="1.349"/>
  <testcase classname="tests.formFilling" name="formFillingExcel" time="0.317"/>
  <testcase classname="tests.formFilling" name="formFillingExcel" time="0.36"/>
  <testcase classname="tests.formFilling" name="formFillingExcel" time="0.394"/>
  <testcase classname="tests.formFilling" name="rowCountPrint" time="0.001"/>
</testsuite> <!-- Testng -->
