<?xml version="1.0" encoding="UTF-8"?>
<testsuite xmlns:xsi="http://www.w3.org/2001/XMLSchema-instance" xsi:noNamespaceSchemaLocation="https://maven.apache.org/surefire/maven-surefire-plugin/xsd/surefire-test-report.xsd" name="TestSuite" time="170.543" tests="5" errors="0" skipped="0" failures="0">
  <properties>
[...]
</properties>
  <testcase name="formFillingExcel" classname="tests.formFilling" time="1.347"/>
  <testcase name="formFillingExcel" classname="tests.formFilling" time="0.313"/>
  <testcase name="formFillingExcel" classname="tests.formFilling" time="0.352"/>
  <testcase name="formFillingExcel" classname="tests.formFilling" time="0.385"/>
  <testcase name="rowCountPrint" classname="tests.formFilling" time="0.034"/>
</testsuite>