<?xml version="1.0" encoding="UTF-8"?>
<testng-results total="5" passed="5" failed="0" skipped="0">
  <reporter-output>
  </reporter-output>
  <suite started-at="2021-07-22T01:49:46Z" name="Suite" finished-at="2021-07-22T01:52:32Z" duration-ms="165839">
    <groups>
    </groups>
    <test started-at="2021-07-22T01:49:46Z" name="Testng" finished-at="2021-07-22T01:52:32Z" duration-ms="165839">
      <class name="tests.formFilling">
        <test-method is-config="true" signature="beforeMethod()[pri:0, instance:tests.formFilling@56c9bbd8]" started-at="2021-07-21T21:49:46Z" name="beforeMethod" finished-at="2021-07-21T21:51:00Z" duration-ms="73626" status="PASS">
          <reporter-output>
          </reporter-output>
        </test-method> <!-- beforeMethod -->
        <test-method signature="formFillingExcel(java.lang.String, java.lang.String, java.lang.String, java.lang.String)[pri:0, instance:tests.formFilling@56c9bbd8]" started-at="2021-07-21T21:51:00Z" name="formFillingExcel" data-provider="dataforWeb" finished-at="2021-07-21T21:51:01Z" duration-ms="1349" status="PASS">
          <params>
            <param index="0">
              <value>
                <![CDATA[John ]]>
              </value>
            </param>
            <param index="1">
              <value>
                <![CDATA[Doe]]>
              </value>
            </param>
            <param index="2">
              <value>
                <![CDATA[Postman drive, Auckland, NZ, 123456]]>
              </value>
            </param>
            <param index="3">
              <value>
                <![CDATA[JohnDoe@email.nz]]>
              </value>
            </param>
          </params>
          <reporter-output>
          </reporter-output>
        </test-method> <!-- formFillingExcel -->
        <test-method is-config="true" signature="afterMethod()[pri:0, instance:tests.formFilling@56c9bbd8]" started-at="2021-07-21T21:51:01Z" name="afterMethod" finished-at="2021-07-21T21:51:09Z" duration-ms="7841" status="PASS">
          <reporter-output>
          </reporter-output>
        </test-method> <!-- afterMethod -->
        <test-method is-config="true" signature="beforeMethod()[pri:0, instance:tests.formFilling@56c9bbd8]" started-at="2021-07-21T21:51:09Z" name="beforeMethod" finished-at="2021-07-21T21:51:23Z" duration-ms="14354" status="PASS">
          <reporter-output>
          </reporter-output>
        </test-method> <!-- beforeMethod -->
        <test-method signature="formFillingExcel(java.lang.String, java.lang.String, java.lang.String, java.lang.String)[pri:0, instance:tests.formFilling@56c9bbd8]" started-at="2021-07-21T21:51:23Z" name="formFillingExcel" data-provider="dataforWeb" finished-at="2021-07-21T21:51:24Z" duration-ms="317" status="PASS">
          <params>
            <param index="0">
              <value>
                <![CDATA[Mark]]>
              </value>
            </param>
            <param index="1">
              <value>
                <![CDATA[Menon]]>
              </value>
            </param>
            <param index="2">
              <value>
                <![CDATA[Garden drive, Sydney, Aus]]>
              </value>
            </param>
            <param index="3">
              <value>
                <![CDATA[markmenon123@yahoo.com]]>
              </value>
            </param>
          </params>
          <reporter-output>
          </reporter-output>
        </test-method> <!-- formFillingExcel -->
        <test-method is-config="true" signature="afterMethod()[pri:0, instance:tests.formFilling@56c9bbd8]" started-at="2021-07-21T21:51:24Z" name="afterMethod" finished-at="2021-07-21T21:51:31Z" duration-ms="6744" status="PASS">
          <reporter-output>
          </reporter-output>
        </test-method> <!-- afterMethod -->
        <test-method is-config="true" signature="beforeMethod()[pri:0, instance:tests.formFilling@56c9bbd8]" started-at="2021-07-21T21:51:31Z" name="beforeMethod" finished-at="2021-07-21T21:51:44Z" duration-ms="13499" status="PASS">
          <reporter-output>
          </reporter-output>
        </test-method> <!-- beforeMethod -->
        <test-method signature="formFillingExcel(java.lang.String, java.lang.String, java.lang.String, java.lang.String)[pri:0, instance:tests.formFilling@56c9bbd8]" started-at="2021-07-21T21:51:44Z" name="formFillingExcel" data-provider="dataforWeb" finished-at="2021-07-21T21:51:44Z" duration-ms="360" status="PASS">
          <params>
            <param index="0">
              <value>
                <![CDATA[ Peter]]>
              </value>
            </param>
            <param index="1">
              <value>
                <![CDATA[Washington]]>
              </value>
            </param>
            <param index="2">
              <value>
                <![CDATA[456 Thomas street, New York, US]]>
              </value>
            </param>
            <param index="3">
              <value>
                <![CDATA[peter.456@hotmail.com]]>
              </value>
            </param>
          </params>
          <reporter-output>
          </reporter-output>
        </test-method> <!-- formFillingExcel -->
        <test-method is-config="true" signature="afterMethod()[pri:0, instance:tests.formFilling@56c9bbd8]" started-at="2021-07-21T21:51:44Z" name="afterMethod" finished-at="2021-07-21T21:51:52Z" duration-ms="7457" status="PASS">
          <reporter-output>
          </reporter-output>
        </test-method> <!-- afterMethod -->
        <test-method is-config="true" signature="beforeMethod()[pri:0, instance:tests.formFilling@56c9bbd8]" started-at="2021-07-21T21:51:52Z" name="beforeMethod" finished-at="2021-07-21T21:52:04Z" duration-ms="12319" status="PASS">
          <reporter-output>
          </reporter-output>
        </test-method> <!-- beforeMethod -->
        <test-method signature="formFillingExcel(java.lang.String, java.lang.String, java.lang.String, java.lang.String)[pri:0, instance:tests.formFilling@56c9bbd8]" started-at="2021-07-21T21:52:04Z" name="formFillingExcel" data-provider="dataforWeb" finished-at="2021-07-21T21:52:05Z" duration-ms="394" status="PASS">
          <params>
            <param index="0">
              <value>
                <![CDATA[Cathy]]>
              </value>
            </param>
            <param index="1">
              <value>
                <![CDATA[Clinton]]>
              </value>
            </param>
            <param index="2">
              <value>
                <![CDATA[789 Elizabeth way, London, UK]]>
              </value>
            </param>
            <param index="3">
              <value>
                <![CDATA[livinginLondon@apple.com]]>
              </value>
            </param>
          </params>
          <reporter-output>
          </reporter-output>
        </test-method> <!-- formFillingExcel -->
        <test-method is-config="true" signature="afterMethod()[pri:0, instance:tests.formFilling@56c9bbd8]" started-at="2021-07-21T21:52:05Z" name="afterMethod" finished-at="2021-07-21T21:52:11Z" duration-ms="6811" status="PASS">
          <reporter-output>
          </reporter-output>
        </test-method> <!-- afterMethod -->
        <test-method is-config="true" signature="beforeMethod()[pri:0, instance:tests.formFilling@56c9bbd8]" started-at="2021-07-21T21:52:11Z" name="beforeMethod" finished-at="2021-07-21T21:52:25Z" duration-ms="13353" status="PASS">
          <reporter-output>
          </reporter-output>
        </test-method> <!-- beforeMethod -->
        <test-method signature="rowCountPrint()[pri:0, instance:tests.formFilling@56c9bbd8]" started-at="2021-07-21T21:52:25Z" name="rowCountPrint" finished-at="2021-07-21T21:52:25Z" duration-ms="1" status="PASS">
          <reporter-output>
          </reporter-output>
        </test-method> <!-- rowCountPrint -->
        <test-method is-config="true" signature="afterMethod()[pri:0, instance:tests.formFilling@56c9bbd8]" started-at="2021-07-21T21:52:25Z" name="afterMethod" finished-at="2021-07-21T21:52:32Z" duration-ms="7248" status="PASS">
          <reporter-output>
          </reporter-output>
        </test-method> <!-- afterMethod -->
      </class> <!-- tests.formFilling -->
    </test> <!-- Testng -->
  </suite> <!-- Suite -->
</testng-results>
