<?xml version="1.0" encoding="UTF-8"?>
<testng-results total="5" passed="5" failed="0" skipped="0">
  <reporter-output>
  </reporter-output>
  <suite started-at="2021-07-21T19:25:04Z" name="Default suite" finished-at="2021-07-21T19:26:52Z" duration-ms="107776">
    <groups>
    </groups>
    <test started-at="2021-07-21T19:25:04Z" name="Default test" finished-at="2021-07-21T19:26:52Z" duration-ms="107776">
      <class name="tests.formFilling">
        <test-method is-config="true" signature="beforeMethod()[pri:0, instance:tests.formFilling@2cb3d0f7]" started-at="2021-07-21T15:25:04Z" name="beforeMethod" finished-at="2021-07-21T15:25:18Z" duration-ms="13809" status="PASS">
          <reporter-output>
          </reporter-output>
        </test-method> <!-- beforeMethod -->
        <test-method signature="formFillingExcel(java.lang.String, java.lang.String, java.lang.String, java.lang.String)[pri:0, instance:tests.formFilling@2cb3d0f7]" started-at="2021-07-21T15:25:18Z" name="formFillingExcel" data-provider="dataforWeb" finished-at="2021-07-21T15:25:18Z" duration-ms="389" status="PASS">
          <params>
            <param index="0">
              <value>
                <![CDATA[John ]]>
              </value>
            </param>
            <param index="1">
              <value>
                <![CDATA[Doe]]>
              </value>
            </param>
            <param index="2">
              <value>
                <![CDATA[Postman drive, Auckland, NZ, 123456]]>
              </value>
            </param>
            <param index="3">
              <value>
                <![CDATA[JohnDoe@email.nz]]>
              </value>
            </param>
          </params>
          <reporter-output>
          </reporter-output>
        </test-method> <!-- formFillingExcel -->
        <test-method is-config="true" signature="afterMethod()[pri:0, instance:tests.formFilling@2cb3d0f7]" started-at="2021-07-21T15:25:18Z" name="afterMethod" finished-at="2021-07-21T15:25:26Z" duration-ms="7568" status="PASS">
          <reporter-output>
          </reporter-output>
        </test-method> <!-- afterMethod -->
        <test-method is-config="true" signature="beforeMethod()[pri:0, instance:tests.formFilling@2cb3d0f7]" started-at="2021-07-21T15:25:26Z" name="beforeMethod" finished-at="2021-07-21T15:25:39Z" duration-ms="13179" status="PASS">
          <reporter-output>
          </reporter-output>
        </test-method> <!-- beforeMethod -->
        <test-method signature="formFillingExcel(java.lang.String, java.lang.String, java.lang.String, java.lang.String)[pri:0, instance:tests.formFilling@2cb3d0f7]" started-at="2021-07-21T15:25:39Z" name="formFillingExcel" data-provider="dataforWeb" finished-at="2021-07-21T15:25:39Z" duration-ms="313" status="PASS">
          <params>
            <param index="0">
              <value>
                <![CDATA[Mark]]>
              </value>
            </param>
            <param index="1">
              <value>
                <![CDATA[Menon]]>
              </value>
            </param>
            <param index="2">
              <value>
                <![CDATA[Garden drive, Sydney, Aus]]>
              </value>
            </param>
            <param index="3">
              <value>
                <![CDATA[markmenon123@yahoo.com]]>
              </value>
            </param>
          </params>
          <reporter-output>
          </reporter-output>
        </test-method> <!-- formFillingExcel -->
        <test-method is-config="true" signature="afterMethod()[pri:0, instance:tests.formFilling@2cb3d0f7]" started-at="2021-07-21T15:25:39Z" name="afterMethod" finished-at="2021-07-21T15:25:48Z" duration-ms="8466" status="PASS">
          <reporter-output>
          </reporter-output>
        </test-method> <!-- afterMethod -->
        <test-method is-config="true" signature="beforeMethod()[pri:0, instance:tests.formFilling@2cb3d0f7]" started-at="2021-07-21T15:25:48Z" name="beforeMethod" finished-at="2021-07-21T15:26:01Z" duration-ms="12934" status="PASS">
          <reporter-output>
          </reporter-output>
        </test-method> <!-- beforeMethod -->
        <test-method signature="formFillingExcel(java.lang.String, java.lang.String, java.lang.String, java.lang.String)[pri:0, instance:tests.formFilling@2cb3d0f7]" started-at="2021-07-21T15:26:01Z" name="formFillingExcel" data-provider="dataforWeb" finished-at="2021-07-21T15:26:01Z" duration-ms="329" status="PASS">
          <params>
            <param index="0">
              <value>
                <![CDATA[ Peter]]>
              </value>
            </param>
            <param index="1">
              <value>
                <![CDATA[Washington]]>
              </value>
            </param>
            <param index="2">
              <value>
                <![CDATA[456 Thomas street, New York, US]]>
              </value>
            </param>
            <param index="3">
              <value>
                <![CDATA[peter.456@hotmail.com]]>
              </value>
            </param>
          </params>
          <reporter-output>
          </reporter-output>
        </test-method> <!-- formFillingExcel -->
        <test-method is-config="true" signature="afterMethod()[pri:0, instance:tests.formFilling@2cb3d0f7]" started-at="2021-07-21T15:26:01Z" name="afterMethod" finished-at="2021-07-21T15:26:09Z" duration-ms="8342" status="PASS">
          <reporter-output>
          </reporter-output>
        </test-method> <!-- afterMethod -->
        <test-method is-config="true" signature="beforeMethod()[pri:0, instance:tests.formFilling@2cb3d0f7]" started-at="2021-07-21T15:26:09Z" name="beforeMethod" finished-at="2021-07-21T15:26:23Z" duration-ms="13782" status="PASS">
          <reporter-output>
          </reporter-output>
        </test-method> <!-- beforeMethod -->
        <test-method signature="formFillingExcel(java.lang.String, java.lang.String, java.lang.String, java.lang.String)[pri:0, instance:tests.formFilling@2cb3d0f7]" started-at="2021-07-21T15:26:23Z" name="formFillingExcel" data-provider="dataforWeb" finished-at="2021-07-21T15:26:23Z" duration-ms="278" status="PASS">
          <params>
            <param index="0">
              <value>
                <![CDATA[Cathy]]>
              </value>
            </param>
            <param index="1">
              <value>
                <![CDATA[Clinton]]>
              </value>
            </param>
            <param index="2">
              <value>
                <![CDATA[789 Elizabeth way, London, UK]]>
              </value>
            </param>
            <param index="3">
              <value>
                <![CDATA[livinginLondon@apple.com]]>
              </value>
            </param>
          </params>
          <reporter-output>
          </reporter-output>
        </test-method> <!-- formFillingExcel -->
        <test-method is-config="true" signature="afterMethod()[pri:0, instance:tests.formFilling@2cb3d0f7]" started-at="2021-07-21T15:26:23Z" name="afterMethod" finished-at="2021-07-21T15:26:31Z" duration-ms="7994" status="PASS">
          <reporter-output>
          </reporter-output>
        </test-method> <!-- afterMethod -->
        <test-method is-config="true" signature="beforeMethod()[pri:0, instance:tests.formFilling@2cb3d0f7]" started-at="2021-07-21T15:26:31Z" name="beforeMethod" finished-at="2021-07-21T15:26:44Z" duration-ms="13198" status="PASS">
          <reporter-output>
          </reporter-output>
        </test-method> <!-- beforeMethod -->
        <test-method signature="rowCountPrint()[pri:0, instance:tests.formFilling@2cb3d0f7]" started-at="2021-07-21T15:26:44Z" name="rowCountPrint" finished-at="2021-07-21T15:26:44Z" duration-ms="3" status="PASS">
          <reporter-output>
          </reporter-output>
        </test-method> <!-- rowCountPrint -->
        <test-method is-config="true" signature="afterMethod()[pri:0, instance:tests.formFilling@2cb3d0f7]" started-at="2021-07-21T15:26:44Z" name="afterMethod" finished-at="2021-07-21T15:26:52Z" duration-ms="7123" status="PASS">
          <reporter-output>
          </reporter-output>
        </test-method> <!-- afterMethod -->
      </class> <!-- tests.formFilling -->
    </test> <!-- Default test -->
  </suite> <!-- Default suite -->
</testng-results>
